<?xml version="1.0" encoding="UTF-8"?>
<!-- Generated by org.testng.reporters.JUnitXMLReporter -->
<testsuite ignored="0" hostname="Mac.lan" failures="0" tests="9" name="Surefire test" time="73.253" errors="0" timestamp="2025-11-14T08:29:05 IST">
  <testcase classname="api.test.UserTests" name="testCreateUser" time="2.505"/>
  <testcase classname="api.test.UserTests" name="testGetUser" time="1.477"/>
  <testcase classname="api.test.UserTests" name="testUpdateUser" time="3.166"/>
  <testcase classname="api.test.UserTests" name="testDeleteUser" time="1.53"/>
  <testcase classname="api.test.DDTests" name="testCreateAndDeleteUser" time="10.734"/>
  <testcase classname="api.test.DDTests" name="testCreateAndDeleteUser" time="17.507"/>
  <testcase classname="api.test.DDTests" name="testCreateAndDeleteUser" time="10.852"/>
  <testcase classname="api.test.DDTests" name="testCreateAndDeleteUser" time="12.791"/>
  <testcase classname="api.test.DDTests" name="testCreateAndDeleteUser" time="12.489"/>
</testsuite> <!-- Surefire test -->
