<?xml version="1.0" encoding="UTF-8"?>
<!-- Generated by org.testng.reporters.JUnitXMLReporter -->
<testsuite ignored="0" hostname="Mac.lan" failures="0" tests="5" name="Default test" time="45.122" errors="0" timestamp="2025-11-11T10:24:45 IST">
  <testcase classname="api.test.DDTests" name="testCreateAndDeleteUser" time="9.157"/>
  <testcase classname="api.test.DDTests" name="testCreateAndDeleteUser" time="8.296"/>
  <testcase classname="api.test.DDTests" name="testCreateAndDeleteUser" time="6.014"/>
  <testcase classname="api.test.DDTests" name="testCreateAndDeleteUser" time="10.749"/>
  <testcase classname="api.test.DDTests" name="testCreateAndDeleteUser" time="10.748"/>
</testsuite> <!-- Default test -->
