<?xml version="1.0" encoding="UTF-8"?>
<!-- Generated by org.testng.reporters.JUnitXMLReporter -->
<testsuite ignored="0" hostname="Mac.lan" failures="0" tests="5" name="DDTests" time="39.665" errors="0" timestamp="2025-11-13T10:15:43 IST">
  <testcase classname="api.test.DDTests" name="testCreateAndDeleteUser" time="10.781"/>
  <testcase classname="api.test.DDTests" name="testCreateAndDeleteUser" time="6.138"/>
  <testcase classname="api.test.DDTests" name="testCreateAndDeleteUser" time="5.943"/>
  <testcase classname="api.test.DDTests" name="testCreateAndDeleteUser" time="10.742"/>
  <testcase classname="api.test.DDTests" name="testCreateAndDeleteUser" time="6.04"/>
</testsuite> <!-- DDTests -->
