<?xml version="1.0" encoding="UTF-8"?>
<!-- Generated by org.testng.reporters.JUnitXMLReporter -->
<testsuite ignored="0" hostname="Mac.lan" failures="0" tests="4" name="User API Tests" time="10.566" errors="0" timestamp="2025-11-13T10:15:04 IST">
  <testcase classname="api.test.UserTests2" name="testCreateUser" time="4.294"/>
  <testcase classname="api.test.UserTests2" name="testGetUser" time="1.577"/>
  <testcase classname="api.test.UserTests2" name="testUpdateUser" time="3.075"/>
  <testcase classname="api.test.UserTests2" name="testDeleteUser" time="1.454"/>
</testsuite> <!-- User API Tests -->
