<?xml version="1.0" encoding="UTF-8"?>
<testng-results ignored="0" total="9" passed="9" failed="0" skipped="0">
  <reporter-output>
  </reporter-output>
  <suite started-at="2025-11-14T08:27:52 IST" name="Surefire suite" finished-at="2025-11-14T08:29:05 IST" duration-ms="73253">
    <groups>
    </groups>
    <test started-at="2025-11-14T08:27:52 IST" name="Surefire test" finished-at="2025-11-14T08:29:05 IST" duration-ms="73253">
      <class name="api.test.UserTests">
        <test-method is-config="true" signature="setup()[pri:0, instance:api.test.UserTests@55dfebeb]" started-at="2025-11-14T08:27:52 IST" name="setup" finished-at="2025-11-14T08:27:52 IST" duration-ms="73" status="PASS">
          <reporter-output>
          </reporter-output>
        </test-method> <!-- setup -->
        <test-method signature="testCreateUser()[pri:1, instance:api.test.UserTests@55dfebeb]" started-at="2025-11-14T08:27:52 IST" name="testCreateUser" finished-at="2025-11-14T08:27:55 IST" duration-ms="2505" status="PASS">
          <reporter-output>
          </reporter-output>
        </test-method> <!-- testCreateUser -->
        <test-method signature="testGetUser()[pri:2, instance:api.test.UserTests@55dfebeb]" started-at="2025-11-14T08:27:55 IST" name="testGetUser" finished-at="2025-11-14T08:27:56 IST" duration-ms="1477" status="PASS">
          <reporter-output>
          </reporter-output>
        </test-method> <!-- testGetUser -->
        <test-method signature="testUpdateUser()[pri:3, instance:api.test.UserTests@55dfebeb]" started-at="2025-11-14T08:27:56 IST" name="testUpdateUser" finished-at="2025-11-14T08:27:59 IST" duration-ms="3166" status="PASS">
          <reporter-output>
          </reporter-output>
        </test-method> <!-- testUpdateUser -->
        <test-method signature="testDeleteUser()[pri:4, instance:api.test.UserTests@55dfebeb]" started-at="2025-11-14T08:27:59 IST" name="testDeleteUser" finished-at="2025-11-14T08:28:01 IST" duration-ms="1530" status="PASS">
          <reporter-output>
          </reporter-output>
        </test-method> <!-- testDeleteUser -->
      </class> <!-- api.test.UserTests -->
      <class name="api.test.DDTests">
        <test-method signature="testCreateAndDeleteUser(java.lang.String,java.lang.String,java.lang.String,java.lang.String,java.lang.String,java.lang.String,java.lang.String,java.lang.String)[pri:0, instance:api.test.DDTests@5d9b7a8a]" started-at="2025-11-14T08:28:01 IST" name="testCreateAndDeleteUser" data-provider="Data" finished-at="2025-11-14T08:28:12 IST" duration-ms="10734" status="PASS">
          <params>
            <param index="0">
              <value>
                <![CDATA[101]]>
              </value>
            </param>
            <param index="1">
              <value>
                <![CDATA[user101]]>
              </value>
            </param>
            <param index="2">
              <value>
                <![CDATA[Alice]]>
              </value>
            </param>
            <param index="3">
              <value>
                <![CDATA[Johnson]]>
              </value>
            </param>
            <param index="4">
              <value>
                <![CDATA[alice101@example.com]]>
              </value>
            </param>
            <param index="5">
              <value>
                <![CDATA[Pass@123]]>
              </value>
            </param>
            <param index="6">
              <value>
                <![CDATA[9876543210]]>
              </value>
            </param>
            <param index="7">
              <value>
                <![CDATA[1]]>
              </value>
            </param>
          </params>
          <reporter-output>
          </reporter-output>
        </test-method> <!-- testCreateAndDeleteUser -->
        <test-method signature="testCreateAndDeleteUser(java.lang.String,java.lang.String,java.lang.String,java.lang.String,java.lang.String,java.lang.String,java.lang.String,java.lang.String)[pri:0, instance:api.test.DDTests@5d9b7a8a]" started-at="2025-11-14T08:28:12 IST" name="testCreateAndDeleteUser" data-provider="Data" finished-at="2025-11-14T08:28:29 IST" duration-ms="17507" status="PASS">
          <params>
            <param index="0">
              <value>
                <![CDATA[102]]>
              </value>
            </param>
            <param index="1">
              <value>
                <![CDATA[user102]]>
              </value>
            </param>
            <param index="2">
              <value>
                <![CDATA[Bob]]>
              </value>
            </param>
            <param index="3">
              <value>
                <![CDATA[Smith]]>
              </value>
            </param>
            <param index="4">
              <value>
                <![CDATA[bob102@example.com]]>
              </value>
            </param>
            <param index="5">
              <value>
                <![CDATA[Pass@234]]>
              </value>
            </param>
            <param index="6">
              <value>
                <![CDATA[9876543211]]>
              </value>
            </param>
            <param index="7">
              <value>
                <![CDATA[1]]>
              </value>
            </param>
          </params>
          <reporter-output>
          </reporter-output>
        </test-method> <!-- testCreateAndDeleteUser -->
        <test-method signature="testCreateAndDeleteUser(java.lang.String,java.lang.String,java.lang.String,java.lang.String,java.lang.String,java.lang.String,java.lang.String,java.lang.String)[pri:0, instance:api.test.DDTests@5d9b7a8a]" started-at="2025-11-14T08:28:29 IST" name="testCreateAndDeleteUser" data-provider="Data" finished-at="2025-11-14T08:28:40 IST" duration-ms="10852" status="PASS">
          <params>
            <param index="0">
              <value>
                <![CDATA[103]]>
              </value>
            </param>
            <param index="1">
              <value>
                <![CDATA[user103]]>
              </value>
            </param>
            <param index="2">
              <value>
                <![CDATA[Charlie]]>
              </value>
            </param>
            <param index="3">
              <value>
                <![CDATA[Brown]]>
              </value>
            </param>
            <param index="4">
              <value>
                <![CDATA[charlie103@example.com]]>
              </value>
            </param>
            <param index="5">
              <value>
                <![CDATA[Pass@345]]>
              </value>
            </param>
            <param index="6">
              <value>
                <![CDATA[9876543212]]>
              </value>
            </param>
            <param index="7">
              <value>
                <![CDATA[1]]>
              </value>
            </param>
          </params>
          <reporter-output>
          </reporter-output>
        </test-method> <!-- testCreateAndDeleteUser -->
        <test-method signature="testCreateAndDeleteUser(java.lang.String,java.lang.String,java.lang.String,java.lang.String,java.lang.String,java.lang.String,java.lang.String,java.lang.String)[pri:0, instance:api.test.DDTests@5d9b7a8a]" started-at="2025-11-14T08:28:40 IST" name="testCreateAndDeleteUser" data-provider="Data" finished-at="2025-11-14T08:28:53 IST" duration-ms="12791" status="PASS">
          <params>
            <param index="0">
              <value>
                <![CDATA[104]]>
              </value>
            </param>
            <param index="1">
              <value>
                <![CDATA[user104]]>
              </value>
            </param>
            <param index="2">
              <value>
                <![CDATA[Diana]]>
              </value>
            </param>
            <param index="3">
              <value>
                <![CDATA[White]]>
              </value>
            </param>
            <param index="4">
              <value>
                <![CDATA[diana104@example.com]]>
              </value>
            </param>
            <param index="5">
              <value>
                <![CDATA[Pass@456]]>
              </value>
            </param>
            <param index="6">
              <value>
                <![CDATA[9876543213]]>
              </value>
            </param>
            <param index="7">
              <value>
                <![CDATA[1]]>
              </value>
            </param>
          </params>
          <reporter-output>
          </reporter-output>
        </test-method> <!-- testCreateAndDeleteUser -->
        <test-method signature="testCreateAndDeleteUser(java.lang.String,java.lang.String,java.lang.String,java.lang.String,java.lang.String,java.lang.String,java.lang.String,java.lang.String)[pri:0, instance:api.test.DDTests@5d9b7a8a]" started-at="2025-11-14T08:28:53 IST" name="testCreateAndDeleteUser" data-provider="Data" finished-at="2025-11-14T08:29:05 IST" duration-ms="12489" status="PASS">
          <params>
            <param index="0">
              <value>
                <![CDATA[105]]>
              </value>
            </param>
            <param index="1">
              <value>
                <![CDATA[user105]]>
              </value>
            </param>
            <param index="2">
              <value>
                <![CDATA[Eric]]>
              </value>
            </param>
            <param index="3">
              <value>
                <![CDATA[Stone]]>
              </value>
            </param>
            <param index="4">
              <value>
                <![CDATA[eric105@example.com]]>
              </value>
            </param>
            <param index="5">
              <value>
                <![CDATA[Pass@567]]>
              </value>
            </param>
            <param index="6">
              <value>
                <![CDATA[9876543214]]>
              </value>
            </param>
            <param index="7">
              <value>
                <![CDATA[1]]>
              </value>
            </param>
          </params>
          <reporter-output>
          </reporter-output>
        </test-method> <!-- testCreateAndDeleteUser -->
      </class> <!-- api.test.DDTests -->
    </test> <!-- Surefire test -->
  </suite> <!-- Surefire suite -->
</testng-results>
