<?xml version="1.0" encoding="UTF-8"?>
<testsuite xmlns:xsi="http://www.w3.org/2001/XMLSchema-instance" xsi:noNamespaceSchemaLocation="https://maven.apache.org/surefire/maven-surefire-plugin/xsd/surefire-test-report-3.0.xsd" version="3.0" name="TestSuite" time="73.797" tests="9" errors="0" skipped="0" failures="0">
  <properties>
[...]
</properties>
  <testcase name="testCreateUser" classname="api.test.UserTests" time="2.505">
    <system-out><![CDATA[2025-11-14 08:27:52.612 [main] INFO  api.utilities.ExtentReportManager - ========== Initializing Extent Report ==========
2025-11-14 08:27:52.616 [main] INFO  api.utilities.ExtentReportManager - Report will be generated at: /Users/irfankhan/eclipse-workspace/PetStoreAutomation/reports/Test-Report-2025.11.14.08.27.52.html
2025-11-14 08:27:52.675 [main] INFO  api.utilities.ExtentReportManager - Extent Report initialized successfully
2025-11-14 08:27:52.757 [main] INFO  api.test.UserTests - ******* Creating user********
2025-11-14 08:27:52.757 [main] INFO  api.endpoints.UserEndPoints - ==> POST https://petstore.swagger.io/v2/user
HTTP/1.1 200 OK
Date: Fri, 14 Nov 2025 02:57:55 GMT
Content-Type: application/json
Transfer-Encoding: chunked
Connection: keep-alive
Access-Control-Allow-Origin: *
Access-Control-Allow-Methods: GET, POST, DELETE, PUT
Access-Control-Allow-Headers: Content-Type, api_key, Authorization
Server: Jetty(9.2.9.v20150224)

{
    "code": 200,
    "type": "unknown",
    "message": "932383"
}
]]></system-out>
  </testcase>
  <testcase name="testGetUser" classname="api.test.UserTests" time="1.479">
    <system-out><![CDATA[2025-11-14 08:27:55.266 [main] INFO  api.utilities.ExtentReportManager - ✓ Test PASSED: testCreateUser
2025-11-14 08:27:55.269 [main] INFO  api.endpoints.UserEndPoints - ==> GET https://petstore.swagger.io/v2/user/{username}
HTTP/1.1 200 OK
Date: Fri, 14 Nov 2025 02:57:56 GMT
Content-Type: application/json
Transfer-Encoding: chunked
Connection: keep-alive
Access-Control-Allow-Origin: *
Access-Control-Allow-Methods: GET, POST, DELETE, PUT
Access-Control-Allow-Headers: Content-Type, api_key, Authorization
Server: Jetty(9.2.9.v20150224)

{
    "id": 932383,
    "username": "user_lupe.schneider",
    "firstName": "Beatrice",
    "lastName": "Corkery",
    "email": "lashawn.rutherford@example.com",
    "password": "17z9oeyusks",
    "phone": "799.460.8426",
    "userStatus": 1
}
]]></system-out>
  </testcase>
  <testcase name="testUpdateUser" classname="api.test.UserTests" time="3.167">
    <system-out><![CDATA[2025-11-14 08:27:56.748 [main] INFO  api.utilities.ExtentReportManager - ✓ Test PASSED: testGetUser
2025-11-14 08:27:56.753 [main] INFO  api.endpoints.UserEndPoints - ==> PUT https://petstore.swagger.io/v2/user/{username}
HTTP/1.1 200 OK
Date: Fri, 14 Nov 2025 02:57:58 GMT
Content-Type: application/json
Transfer-Encoding: chunked
Connection: keep-alive
Access-Control-Allow-Origin: *
Access-Control-Allow-Methods: GET, POST, DELETE, PUT
Access-Control-Allow-Headers: Content-Type, api_key, Authorization
Server: Jetty(9.2.9.v20150224)

{
    "code": 200,
    "type": "unknown",
    "message": "932383"
}
2025-11-14 08:27:58.383 [main] INFO  api.endpoints.UserEndPoints - ==> GET https://petstore.swagger.io/v2/user/{username}
HTTP/1.1 200 OK
Date: Fri, 14 Nov 2025 02:57:59 GMT
Content-Type: application/json
Transfer-Encoding: chunked
Connection: keep-alive
Access-Control-Allow-Origin: *
Access-Control-Allow-Methods: GET, POST, DELETE, PUT
Access-Control-Allow-Headers: Content-Type, api_key, Authorization
Server: Jetty(9.2.9.v20150224)

{
    "id": 932383,
    "username": "user_lupe.schneider",
    "firstName": "Beatrice",
    "lastName": "Corkery",
    "email": "lashawn.rutherford@example.com",
    "password": "17z9oeyusks",
    "phone": "799.460.8426",
    "userStatus": 1
}
]]></system-out>
  </testcase>
  <testcase name="testDeleteUser" classname="api.test.UserTests" time="1.53">
    <system-out><![CDATA[2025-11-14 08:27:59.920 [main] INFO  api.utilities.ExtentReportManager - ✓ Test PASSED: testUpdateUser
2025-11-14 08:27:59.924 [main] INFO  api.endpoints.UserEndPoints - ==> DELETE https://petstore.swagger.io/v2/user/{username}
HTTP/1.1 200 OK
Date: Fri, 14 Nov 2025 02:58:01 GMT
Content-Type: application/json
Transfer-Encoding: chunked
Connection: keep-alive
Access-Control-Allow-Origin: *
Access-Control-Allow-Methods: GET, POST, DELETE, PUT
Access-Control-Allow-Headers: Content-Type, api_key, Authorization
Server: Jetty(9.2.9.v20150224)

{
    "code": 200,
    "type": "unknown",
    "message": "user_lupe.schneider"
}
]]></system-out>
  </testcase>
  <testcase name="testCreateAndDeleteUser[101, user101, Alice, Johnson, alice101@example.com, Pass@123, 9876543210, 1](1)" classname="api.test.DDTests" time="10.737">
    <system-out><![CDATA[2025-11-14 08:28:01.455 [main] INFO  api.utilities.ExtentReportManager - ✓ Test PASSED: testDeleteUser
2025-11-14 08:28:01.476 [main] INFO  api.test.DDTests - ╔════════════════════════════════════════════════════════════════╗
2025-11-14 08:28:01.476 [main] INFO  api.test.DDTests - ║  TEST START: User = user101 (ID: 101)
2025-11-14 08:28:01.477 [main] INFO  api.test.DDTests - ╚════════════════════════════════════════════════════════════════╝
2025-11-14 08:28:01.477 [main] INFO  api.test.DDTests - → Step 1: Pre-cleanup - Deleting user if exists: user101
2025-11-14 08:28:01.477 [main] INFO  api.endpoints.UserEndPoints - ==> DELETE https://petstore.swagger.io/v2/user/{username}
2025-11-14 08:28:02.990 [main] INFO  api.test.DDTests - → Step 2: Creating User object
2025-11-14 08:28:02.991 [main] INFO  api.test.DDTests - → Step 3: Creating user via API: user101
2025-11-14 08:28:02.992 [main] INFO  api.endpoints.UserEndPoints - ==> POST https://petstore.swagger.io/v2/user
2025-11-14 08:28:04.523 [main] INFO  api.test.DDTests - Create Response Status: 200
2025-11-14 08:28:04.526 [main] INFO  api.test.DDTests - ✓ User created successfully: user101
2025-11-14 08:28:04.528 [main] INFO  api.test.DDTests - → Step 4: Verifying user creation (with retry logic)
2025-11-14 08:28:04.528 [main] INFO  api.endpoints.UserEndPoints - ==> GET https://petstore.swagger.io/v2/user/{username}
2025-11-14 08:28:06.058 [main] INFO  api.test.DDTests - ✓ User found on attempt 1: user101
2025-11-14 08:28:06.059 [main] INFO  api.test.DDTests - ✓ User verification successful: user101
2025-11-14 08:28:06.059 [main] INFO  api.test.DDTests - → Step 5: Deleting user (with retry logic)
2025-11-14 08:28:06.060 [main] INFO  api.endpoints.UserEndPoints - ==> DELETE https://petstore.swagger.io/v2/user/{username}
2025-11-14 08:28:08.396 [main] INFO  api.endpoints.UserEndPoints - ==> DELETE https://petstore.swagger.io/v2/user/{username}
2025-11-14 08:28:10.655 [main] INFO  api.endpoints.UserEndPoints - ==> DELETE https://petstore.swagger.io/v2/user/{username}
2025-11-14 08:28:12.203 [main] INFO  api.test.DDTests - ✓ User deleted on attempt 3: user101
2025-11-14 08:28:12.204 [main] INFO  api.test.DDTests - ✓ User deleted successfully: user101
2025-11-14 08:28:12.205 [main] INFO  api.test.DDTests - ╔════════════════════════════════════════════════════════════════╗
2025-11-14 08:28:12.205 [main] INFO  api.test.DDTests - ║  TEST PASSED: User = user101 ✓
2025-11-14 08:28:12.205 [main] INFO  api.test.DDTests - ╚════════════════════════════════════════════════════════════════╝

]]></system-out>
  </testcase>
  <testcase name="testCreateAndDeleteUser[102, user102, Bob, Smith, bob102@example.com, Pass@234, 9876543211, 1](2)" classname="api.test.DDTests" time="17.499">
    <system-out><![CDATA[2025-11-14 08:28:12.207 [main] INFO  api.utilities.ExtentReportManager - ✓ Test PASSED: testCreateAndDeleteUser
2025-11-14 08:28:12.209 [main] INFO  api.test.DDTests - ╔════════════════════════════════════════════════════════════════╗
2025-11-14 08:28:12.210 [main] INFO  api.test.DDTests - ║  TEST START: User = user102 (ID: 102)
2025-11-14 08:28:12.210 [main] INFO  api.test.DDTests - ╚════════════════════════════════════════════════════════════════╝
2025-11-14 08:28:12.212 [main] INFO  api.test.DDTests - → Step 1: Pre-cleanup - Deleting user if exists: user102
2025-11-14 08:28:12.212 [main] INFO  api.endpoints.UserEndPoints - ==> DELETE https://petstore.swagger.io/v2/user/{username}
2025-11-14 08:28:13.636 [main] INFO  api.test.DDTests - → Step 2: Creating User object
2025-11-14 08:28:13.637 [main] INFO  api.test.DDTests - → Step 3: Creating user via API: user102
2025-11-14 08:28:13.637 [main] INFO  api.endpoints.UserEndPoints - ==> POST https://petstore.swagger.io/v2/user
2025-11-14 08:28:15.071 [main] INFO  api.test.DDTests - Create Response Status: 200
2025-11-14 08:28:15.073 [main] INFO  api.test.DDTests - ✓ User created successfully: user102
2025-11-14 08:28:15.073 [main] INFO  api.test.DDTests - → Step 4: Verifying user creation (with retry logic)
2025-11-14 08:28:15.074 [main] INFO  api.endpoints.UserEndPoints - ==> GET https://petstore.swagger.io/v2/user/{username}
2025-11-14 08:28:17.408 [main] INFO  api.endpoints.UserEndPoints - ==> GET https://petstore.swagger.io/v2/user/{username}
2025-11-14 08:28:19.665 [main] INFO  api.endpoints.UserEndPoints - ==> GET https://petstore.swagger.io/v2/user/{username}
2025-11-14 08:28:22.017 [main] INFO  api.endpoints.UserEndPoints - ==> GET https://petstore.swagger.io/v2/user/{username}
2025-11-14 08:28:23.524 [main] INFO  api.test.DDTests - ✓ User found on attempt 4: user102
2025-11-14 08:28:23.526 [main] INFO  api.test.DDTests - ✓ User verification successful: user102
2025-11-14 08:28:23.526 [main] INFO  api.test.DDTests - → Step 5: Deleting user (with retry logic)
2025-11-14 08:28:23.526 [main] INFO  api.endpoints.UserEndPoints - ==> DELETE https://petstore.swagger.io/v2/user/{username}
2025-11-14 08:28:25.909 [main] INFO  api.endpoints.UserEndPoints - ==> DELETE https://petstore.swagger.io/v2/user/{username}
2025-11-14 08:28:28.261 [main] INFO  api.endpoints.UserEndPoints - ==> DELETE https://petstore.swagger.io/v2/user/{username}
2025-11-14 08:28:29.713 [main] INFO  api.test.DDTests - ✓ User deleted on attempt 3: user102
2025-11-14 08:28:29.714 [main] INFO  api.test.DDTests - ✓ User deleted successfully: user102
2025-11-14 08:28:29.714 [main] INFO  api.test.DDTests - ╔════════════════════════════════════════════════════════════════╗
2025-11-14 08:28:29.714 [main] INFO  api.test.DDTests - ║  TEST PASSED: User = user102 ✓
2025-11-14 08:28:29.714 [main] INFO  api.test.DDTests - ╚════════════════════════════════════════════════════════════════╝

]]></system-out>
  </testcase>
  <testcase name="testCreateAndDeleteUser[103, user103, Charlie, Brown, charlie103@example.com, Pass@345, 9876543212, 1](3)" classname="api.test.DDTests" time="10.856">
    <system-out><![CDATA[2025-11-14 08:28:29.717 [main] INFO  api.utilities.ExtentReportManager - ✓ Test PASSED: testCreateAndDeleteUser
2025-11-14 08:28:29.719 [main] INFO  api.test.DDTests - ╔════════════════════════════════════════════════════════════════╗
2025-11-14 08:28:29.719 [main] INFO  api.test.DDTests - ║  TEST START: User = user103 (ID: 103)
2025-11-14 08:28:29.720 [main] INFO  api.test.DDTests - ╚════════════════════════════════════════════════════════════════╝
2025-11-14 08:28:29.720 [main] INFO  api.test.DDTests - → Step 1: Pre-cleanup - Deleting user if exists: user103
2025-11-14 08:28:29.720 [main] INFO  api.endpoints.UserEndPoints - ==> DELETE https://petstore.swagger.io/v2/user/{username}
2025-11-14 08:28:31.249 [main] INFO  api.test.DDTests - → Step 2: Creating User object
2025-11-14 08:28:31.250 [main] INFO  api.test.DDTests - → Step 3: Creating user via API: user103
2025-11-14 08:28:31.250 [main] INFO  api.endpoints.UserEndPoints - ==> POST https://petstore.swagger.io/v2/user
2025-11-14 08:28:32.784 [main] INFO  api.test.DDTests - Create Response Status: 200
2025-11-14 08:28:32.785 [main] INFO  api.test.DDTests - ✓ User created successfully: user103
2025-11-14 08:28:32.785 [main] INFO  api.test.DDTests - → Step 4: Verifying user creation (with retry logic)
2025-11-14 08:28:32.786 [main] INFO  api.endpoints.UserEndPoints - ==> GET https://petstore.swagger.io/v2/user/{username}
2025-11-14 08:28:35.125 [main] INFO  api.endpoints.UserEndPoints - ==> GET https://petstore.swagger.io/v2/user/{username}
2025-11-14 08:28:36.675 [main] INFO  api.test.DDTests - ✓ User found on attempt 2: user103
2025-11-14 08:28:36.676 [main] INFO  api.test.DDTests - ✓ User verification successful: user103
2025-11-14 08:28:36.676 [main] INFO  api.test.DDTests - → Step 5: Deleting user (with retry logic)
2025-11-14 08:28:36.676 [main] INFO  api.endpoints.UserEndPoints - ==> DELETE https://petstore.swagger.io/v2/user/{username}
2025-11-14 08:28:39.020 [main] INFO  api.endpoints.UserEndPoints - ==> DELETE https://petstore.swagger.io/v2/user/{username}
2025-11-14 08:28:40.568 [main] INFO  api.test.DDTests - ✓ User deleted on attempt 2: user103
2025-11-14 08:28:40.569 [main] INFO  api.test.DDTests - ✓ User deleted successfully: user103
2025-11-14 08:28:40.569 [main] INFO  api.test.DDTests - ╔════════════════════════════════════════════════════════════════╗
2025-11-14 08:28:40.569 [main] INFO  api.test.DDTests - ║  TEST PASSED: User = user103 ✓
2025-11-14 08:28:40.570 [main] INFO  api.test.DDTests - ╚════════════════════════════════════════════════════════════════╝

]]></system-out>
  </testcase>
  <testcase name="testCreateAndDeleteUser[104, user104, Diana, White, diana104@example.com, Pass@456, 9876543213, 1](4)" classname="api.test.DDTests" time="12.792">
    <system-out><![CDATA[2025-11-14 08:28:40.571 [main] INFO  api.utilities.ExtentReportManager - ✓ Test PASSED: testCreateAndDeleteUser
2025-11-14 08:28:40.579 [main] INFO  api.test.DDTests - ╔════════════════════════════════════════════════════════════════╗
2025-11-14 08:28:40.579 [main] INFO  api.test.DDTests - ║  TEST START: User = user104 (ID: 104)
2025-11-14 08:28:40.579 [main] INFO  api.test.DDTests - ╚════════════════════════════════════════════════════════════════╝
2025-11-14 08:28:40.579 [main] INFO  api.test.DDTests - → Step 1: Pre-cleanup - Deleting user if exists: user104
2025-11-14 08:28:40.580 [main] INFO  api.endpoints.UserEndPoints - ==> DELETE https://petstore.swagger.io/v2/user/{username}
2025-11-14 08:28:42.000 [main] INFO  api.test.DDTests - → Step 2: Creating User object
2025-11-14 08:28:42.001 [main] INFO  api.test.DDTests - → Step 3: Creating user via API: user104
2025-11-14 08:28:42.002 [main] INFO  api.endpoints.UserEndPoints - ==> POST https://petstore.swagger.io/v2/user
2025-11-14 08:28:43.446 [main] INFO  api.test.DDTests - Create Response Status: 200
2025-11-14 08:28:43.447 [main] INFO  api.test.DDTests - ✓ User created successfully: user104
2025-11-14 08:28:43.447 [main] INFO  api.test.DDTests - → Step 4: Verifying user creation (with retry logic)
2025-11-14 08:28:43.447 [main] INFO  api.endpoints.UserEndPoints - ==> GET https://petstore.swagger.io/v2/user/{username}
2025-11-14 08:28:45.773 [main] INFO  api.endpoints.UserEndPoints - ==> GET https://petstore.swagger.io/v2/user/{username}
2025-11-14 08:28:48.027 [main] INFO  api.endpoints.UserEndPoints - ==> GET https://petstore.swagger.io/v2/user/{username}
2025-11-14 08:28:50.268 [main] INFO  api.endpoints.UserEndPoints - ==> GET https://petstore.swagger.io/v2/user/{username}
2025-11-14 08:28:51.832 [main] INFO  api.test.DDTests - ✓ User found on attempt 4: user104
2025-11-14 08:28:51.833 [main] INFO  api.test.DDTests - ✓ User verification successful: user104
2025-11-14 08:28:51.833 [main] INFO  api.test.DDTests - → Step 5: Deleting user (with retry logic)
2025-11-14 08:28:51.833 [main] INFO  api.endpoints.UserEndPoints - ==> DELETE https://petstore.swagger.io/v2/user/{username}
2025-11-14 08:28:53.367 [main] INFO  api.test.DDTests - ✓ User deleted on attempt 1: user104
2025-11-14 08:28:53.368 [main] INFO  api.test.DDTests - ✓ User deleted successfully: user104
2025-11-14 08:28:53.368 [main] INFO  api.test.DDTests - ╔════════════════════════════════════════════════════════════════╗
2025-11-14 08:28:53.369 [main] INFO  api.test.DDTests - ║  TEST PASSED: User = user104 ✓
2025-11-14 08:28:53.369 [main] INFO  api.test.DDTests - ╚════════════════════════════════════════════════════════════════╝

]]></system-out>
  </testcase>
  <testcase name="testCreateAndDeleteUser[105, user105, Eric, Stone, eric105@example.com, Pass@567, 9876543214, 1](5)" classname="api.test.DDTests" time="12.488">
    <system-out><![CDATA[2025-11-14 08:28:53.371 [main] INFO  api.utilities.ExtentReportManager - ✓ Test PASSED: testCreateAndDeleteUser
2025-11-14 08:28:53.373 [main] INFO  api.test.DDTests - ╔════════════════════════════════════════════════════════════════╗
2025-11-14 08:28:53.373 [main] INFO  api.test.DDTests - ║  TEST START: User = user105 (ID: 105)
2025-11-14 08:28:53.373 [main] INFO  api.test.DDTests - ╚════════════════════════════════════════════════════════════════╝
2025-11-14 08:28:53.373 [main] INFO  api.test.DDTests - → Step 1: Pre-cleanup - Deleting user if exists: user105
2025-11-14 08:28:53.373 [main] INFO  api.endpoints.UserEndPoints - ==> DELETE https://petstore.swagger.io/v2/user/{username}
2025-11-14 08:28:54.801 [main] INFO  api.test.DDTests - → Step 2: Creating User object
2025-11-14 08:28:54.802 [main] INFO  api.test.DDTests - → Step 3: Creating user via API: user105
2025-11-14 08:28:54.802 [main] INFO  api.endpoints.UserEndPoints - ==> POST https://petstore.swagger.io/v2/user
2025-11-14 08:28:56.118 [main] INFO  api.test.DDTests - Create Response Status: 200
2025-11-14 08:28:56.120 [main] INFO  api.test.DDTests - ✓ User created successfully: user105
2025-11-14 08:28:56.121 [main] INFO  api.test.DDTests - → Step 4: Verifying user creation (with retry logic)
2025-11-14 08:28:56.121 [main] INFO  api.endpoints.UserEndPoints - ==> GET https://petstore.swagger.io/v2/user/{username}
2025-11-14 08:28:57.565 [main] INFO  api.test.DDTests - ✓ User found on attempt 1: user105
2025-11-14 08:28:57.566 [main] INFO  api.test.DDTests - ✓ User verification successful: user105
2025-11-14 08:28:57.567 [main] INFO  api.test.DDTests - → Step 5: Deleting user (with retry logic)
2025-11-14 08:28:57.567 [main] INFO  api.endpoints.UserEndPoints - ==> DELETE https://petstore.swagger.io/v2/user/{username}
2025-11-14 08:28:59.755 [main] INFO  api.endpoints.UserEndPoints - ==> DELETE https://petstore.swagger.io/v2/user/{username}
2025-11-14 08:29:02.084 [main] INFO  api.endpoints.UserEndPoints - ==> DELETE https://petstore.swagger.io/v2/user/{username}
2025-11-14 08:29:04.376 [main] INFO  api.endpoints.UserEndPoints - ==> DELETE https://petstore.swagger.io/v2/user/{username}
2025-11-14 08:29:05.859 [main] INFO  api.test.DDTests - ✓ User deleted on attempt 4: user105
2025-11-14 08:29:05.860 [main] INFO  api.test.DDTests - ✓ User deleted successfully: user105
2025-11-14 08:29:05.860 [main] INFO  api.test.DDTests - ╔════════════════════════════════════════════════════════════════╗
2025-11-14 08:29:05.861 [main] INFO  api.test.DDTests - ║  TEST PASSED: User = user105 ✓
2025-11-14 08:29:05.861 [main] INFO  api.test.DDTests - ╚════════════════════════════════════════════════════════════════╝

]]></system-out>
  </testcase>
</testsuite>