<?xml version="1.0" encoding="UTF-8"?>
<testng-results ignored="0" total="9" passed="9" failed="0" skipped="0">
  <reporter-output>
  </reporter-output>
  <suite started-at="2025-11-13T10:14:53 IST" name="PetStore API Suite" finished-at="2025-11-13T10:15:43 IST" duration-ms="50380">
    <groups>
    </groups>
    <test started-at="2025-11-13T10:14:53 IST" name="User API Tests" finished-at="2025-11-13T10:15:04 IST" duration-ms="10566">
      <class name="api.test.UserTests2">
        <test-method is-config="true" signature="setup()[pri:0, instance:api.test.UserTests2@48a12036]" started-at="2025-11-13T10:14:53 IST" name="setup" finished-at="2025-11-13T10:14:53 IST" duration-ms="74" status="PASS">
          <reporter-output>
          </reporter-output>
        </test-method> <!-- setup -->
        <test-method signature="testCreateUser()[pri:1, instance:api.test.UserTests2@48a12036]" started-at="2025-11-13T10:14:53 IST" name="testCreateUser" finished-at="2025-11-13T10:14:58 IST" duration-ms="4294" status="PASS">
          <reporter-output>
          </reporter-output>
        </test-method> <!-- testCreateUser -->
        <test-method signature="testGetUser()[pri:2, instance:api.test.UserTests2@48a12036]" started-at="2025-11-13T10:14:58 IST" name="testGetUser" finished-at="2025-11-13T10:14:59 IST" duration-ms="1577" status="PASS">
          <reporter-output>
          </reporter-output>
        </test-method> <!-- testGetUser -->
        <test-method signature="testUpdateUser()[pri:3, instance:api.test.UserTests2@48a12036]" started-at="2025-11-13T10:14:59 IST" name="testUpdateUser" finished-at="2025-11-13T10:15:02 IST" duration-ms="3075" status="PASS">
          <reporter-output>
          </reporter-output>
        </test-method> <!-- testUpdateUser -->
        <test-method signature="testDeleteUser()[pri:4, instance:api.test.UserTests2@48a12036]" started-at="2025-11-13T10:15:02 IST" name="testDeleteUser" finished-at="2025-11-13T10:15:04 IST" duration-ms="1454" status="PASS">
          <reporter-output>
          </reporter-output>
        </test-method> <!-- testDeleteUser -->
      </class> <!-- api.test.UserTests2 -->
    </test> <!-- User API Tests -->
    <test started-at="2025-11-13T10:15:04 IST" name="DDTests" finished-at="2025-11-13T10:15:43 IST" duration-ms="39665">
      <class name="api.test.DDTests">
        <test-method signature="testCreateAndDeleteUser(java.lang.String,java.lang.String,java.lang.String,java.lang.String,java.lang.String,java.lang.String,java.lang.String,java.lang.String)[pri:0, instance:api.test.DDTests@72ea6193]" started-at="2025-11-13T10:15:04 IST" name="testCreateAndDeleteUser" data-provider="Data" finished-at="2025-11-13T10:15:15 IST" duration-ms="10781" status="PASS">
          <params>
            <param index="0">
              <value>
                <![CDATA[101]]>
              </value>
            </param>
            <param index="1">
              <value>
                <![CDATA[user101]]>
              </value>
            </param>
            <param index="2">
              <value>
                <![CDATA[Alice]]>
              </value>
            </param>
            <param index="3">
              <value>
                <![CDATA[Johnson]]>
              </value>
            </param>
            <param index="4">
              <value>
                <![CDATA[alice101@example.com]]>
              </value>
            </param>
            <param index="5">
              <value>
                <![CDATA[Pass@123]]>
              </value>
            </param>
            <param index="6">
              <value>
                <![CDATA[9876543210]]>
              </value>
            </param>
            <param index="7">
              <value>
                <![CDATA[1]]>
              </value>
            </param>
          </params>
          <reporter-output>
          </reporter-output>
        </test-method> <!-- testCreateAndDeleteUser -->
        <test-method signature="testCreateAndDeleteUser(java.lang.String,java.lang.String,java.lang.String,java.lang.String,java.lang.String,java.lang.String,java.lang.String,java.lang.String)[pri:0, instance:api.test.DDTests@72ea6193]" started-at="2025-11-13T10:15:15 IST" name="testCreateAndDeleteUser" data-provider="Data" finished-at="2025-11-13T10:15:21 IST" duration-ms="6138" status="PASS">
          <params>
            <param index="0">
              <value>
                <![CDATA[102]]>
              </value>
            </param>
            <param index="1">
              <value>
                <![CDATA[user102]]>
              </value>
            </param>
            <param index="2">
              <value>
                <![CDATA[Bob]]>
              </value>
            </param>
            <param index="3">
              <value>
                <![CDATA[Smith]]>
              </value>
            </param>
            <param index="4">
              <value>
                <![CDATA[bob102@example.com]]>
              </value>
            </param>
            <param index="5">
              <value>
                <![CDATA[Pass@234]]>
              </value>
            </param>
            <param index="6">
              <value>
                <![CDATA[9876543211]]>
              </value>
            </param>
            <param index="7">
              <value>
                <![CDATA[1]]>
              </value>
            </param>
          </params>
          <reporter-output>
          </reporter-output>
        </test-method> <!-- testCreateAndDeleteUser -->
        <test-method signature="testCreateAndDeleteUser(java.lang.String,java.lang.String,java.lang.String,java.lang.String,java.lang.String,java.lang.String,java.lang.String,java.lang.String)[pri:0, instance:api.test.DDTests@72ea6193]" started-at="2025-11-13T10:15:21 IST" name="testCreateAndDeleteUser" data-provider="Data" finished-at="2025-11-13T10:15:27 IST" duration-ms="5943" status="PASS">
          <params>
            <param index="0">
              <value>
                <![CDATA[103]]>
              </value>
            </param>
            <param index="1">
              <value>
                <![CDATA[user103]]>
              </value>
            </param>
            <param index="2">
              <value>
                <![CDATA[Charlie]]>
              </value>
            </param>
            <param index="3">
              <value>
                <![CDATA[Brown]]>
              </value>
            </param>
            <param index="4">
              <value>
                <![CDATA[charlie103@example.com]]>
              </value>
            </param>
            <param index="5">
              <value>
                <![CDATA[Pass@345]]>
              </value>
            </param>
            <param index="6">
              <value>
                <![CDATA[9876543212]]>
              </value>
            </param>
            <param index="7">
              <value>
                <![CDATA[1]]>
              </value>
            </param>
          </params>
          <reporter-output>
          </reporter-output>
        </test-method> <!-- testCreateAndDeleteUser -->
        <test-method signature="testCreateAndDeleteUser(java.lang.String,java.lang.String,java.lang.String,java.lang.String,java.lang.String,java.lang.String,java.lang.String,java.lang.String)[pri:0, instance:api.test.DDTests@72ea6193]" started-at="2025-11-13T10:15:27 IST" name="testCreateAndDeleteUser" data-provider="Data" finished-at="2025-11-13T10:15:37 IST" duration-ms="10742" status="PASS">
          <params>
            <param index="0">
              <value>
                <![CDATA[104]]>
              </value>
            </param>
            <param index="1">
              <value>
                <![CDATA[user104]]>
              </value>
            </param>
            <param index="2">
              <value>
                <![CDATA[Diana]]>
              </value>
            </param>
            <param index="3">
              <value>
                <![CDATA[White]]>
              </value>
            </param>
            <param index="4">
              <value>
                <![CDATA[diana104@example.com]]>
              </value>
            </param>
            <param index="5">
              <value>
                <![CDATA[Pass@456]]>
              </value>
            </param>
            <param index="6">
              <value>
                <![CDATA[9876543213]]>
              </value>
            </param>
            <param index="7">
              <value>
                <![CDATA[1]]>
              </value>
            </param>
          </params>
          <reporter-output>
          </reporter-output>
        </test-method> <!-- testCreateAndDeleteUser -->
        <test-method signature="testCreateAndDeleteUser(java.lang.String,java.lang.String,java.lang.String,java.lang.String,java.lang.String,java.lang.String,java.lang.String,java.lang.String)[pri:0, instance:api.test.DDTests@72ea6193]" started-at="2025-11-13T10:15:37 IST" name="testCreateAndDeleteUser" data-provider="Data" finished-at="2025-11-13T10:15:43 IST" duration-ms="6040" status="PASS">
          <params>
            <param index="0">
              <value>
                <![CDATA[105]]>
              </value>
            </param>
            <param index="1">
              <value>
                <![CDATA[user105]]>
              </value>
            </param>
            <param index="2">
              <value>
                <![CDATA[Eric]]>
              </value>
            </param>
            <param index="3">
              <value>
                <![CDATA[Stone]]>
              </value>
            </param>
            <param index="4">
              <value>
                <![CDATA[eric105@example.com]]>
              </value>
            </param>
            <param index="5">
              <value>
                <![CDATA[Pass@567]]>
              </value>
            </param>
            <param index="6">
              <value>
                <![CDATA[9876543214]]>
              </value>
            </param>
            <param index="7">
              <value>
                <![CDATA[1]]>
              </value>
            </param>
          </params>
          <reporter-output>
          </reporter-output>
        </test-method> <!-- testCreateAndDeleteUser -->
      </class> <!-- api.test.DDTests -->
    </test> <!-- DDTests -->
  </suite> <!-- PetStore API Suite -->
</testng-results>
