<?xml version="1.0" encoding="UTF-8"?>
<!-- Generated by org.testng.reporters.JUnitReportReporter -->
<testsuite hostname="Mac.lan" failures="0" tests="4" name="api.test.UserTests2" time="10.400" errors="0" timestamp="2025-11-13T10:15:44 IST" skipped="0">
  <testcase classname="api.test.UserTests2" name="testCreateUser" time="4.294"/>
  <testcase classname="api.test.UserTests2" name="testGetUser" time="1.577"/>
  <testcase classname="api.test.UserTests2" name="testUpdateUser" time="3.075"/>
  <testcase classname="api.test.UserTests2" name="testDeleteUser" time="1.454"/>
</testsuite> <!-- api.test.UserTests2 -->
