<?xml version="1.0" encoding="UTF-8"?>
<!-- Generated by org.testng.reporters.JUnitReportReporter -->
<testsuite hostname="Mac.lan" failures="0" tests="5" name="api.test.DDTests" time="39.644" errors="0" timestamp="2025-11-13T10:15:44 IST" skipped="0">
  <testcase classname="api.test.DDTests" name="testCreateAndDeleteUser" time="5.943"/>
  <testcase classname="api.test.DDTests" name="testCreateAndDeleteUser" time="10.742"/>
  <testcase classname="api.test.DDTests" name="testCreateAndDeleteUser" time="6.040"/>
  <testcase classname="api.test.DDTests" name="testCreateAndDeleteUser" time="10.781"/>
  <testcase classname="api.test.DDTests" name="testCreateAndDeleteUser" time="6.138"/>
</testsuite> <!-- api.test.DDTests -->
