<?xml version="1.0" encoding="UTF-8"?>
<!-- Generated by org.testng.reporters.JUnitReportReporter -->
<testsuite hostname="Mac.lan" failures="0" tests="5" name="api.test.DDTests" time="64.373" errors="0" timestamp="2025-11-14T08:29:06 IST" skipped="0">
  <testcase classname="api.test.DDTests" name="testCreateAndDeleteUser" time="10.734"/>
  <testcase classname="api.test.DDTests" name="testCreateAndDeleteUser" time="10.852"/>
  <testcase classname="api.test.DDTests" name="testCreateAndDeleteUser" time="17.507"/>
  <testcase classname="api.test.DDTests" name="testCreateAndDeleteUser" time="12.791"/>
  <testcase classname="api.test.DDTests" name="testCreateAndDeleteUser" time="12.489"/>
</testsuite> <!-- api.test.DDTests -->
