<?xml version="1.0" encoding="UTF-8"?>
<!-- Generated by org.testng.reporters.JUnitReportReporter -->
<testsuite hostname="Mac.lan" failures="0" tests="4" name="api.test.UserTests" time="8.678" errors="0" timestamp="2025-11-14T08:29:06 IST" skipped="0">
  <testcase classname="api.test.UserTests" name="testCreateUser" time="2.505"/>
  <testcase classname="api.test.UserTests" name="testGetUser" time="1.477"/>
  <testcase classname="api.test.UserTests" name="testUpdateUser" time="3.166"/>
  <testcase classname="api.test.UserTests" name="testDeleteUser" time="1.530"/>
</testsuite> <!-- api.test.UserTests -->
